<?xml version="1.0" encoding="UTF-8"?>
<!-- Generated by org.testng.reporters.JUnitXMLReporter -->
<testsuite ignored="0" hostname="Pournima" failures="0" tests="4" name="Automation" time="90.571" errors="0" timestamp="2024-11-02T20:27:08 IST">
  <testcase classname="testcases.RegisterTest" name="VerifyRegisterWithMandates" time="1.266"/>
  <testcase classname="testcases.RegisterTest" name="verifyRegisterAccountByProvidingAllFields" time="1.234"/>
  <testcase classname="testcases.RegisterTest" name="verifyRegisterwithExistingAccount" time="0.973"/>
  <testcase classname="testcases.RegisterTest" name="verifyRegisterwithoutEnetringDetails" time="0.301"/>
</testsuite> <!-- Automation -->
