<?xml version="1.0" encoding="UTF-8"?>
<!-- Generated by org.testng.reporters.JUnitXMLReporter -->
<testsuite ignored="0" hostname="Pournima" failures="0" tests="4" name="Automation Test" time="87.744" errors="0" timestamp="2024-11-02T20:27:06 IST">
  <testcase classname="testcases.RegisterTest" name="VerifyRegisterWithMandates" time="1.124"/>
  <testcase classname="testcases.RegisterTest" name="verifyRegisterAccountByProvidingAllFields" time="1.323"/>
  <testcase classname="testcases.RegisterTest" name="verifyRegisterwithExistingAccount" time="1.138"/>
  <testcase classname="testcases.RegisterTest" name="verifyRegisterwithoutEnetringDetails" time="0.518"/>
</testsuite> <!-- Automation Test -->
